This is pdfTeX, Version 3.1415926-1.40.11 (MiKTeX 2.9) (preloaded format=pdflatex 2013.2.3)  12 MAY 2013 20:36
entering extended mode
**F:/XD/资料/研究生----万海/毕业论文Ctex/MasterPaper/abstract2.tex
(F:/XD/资料/研究生----万海/毕业论文Ctex/MasterPaper/abstract2.tex
LaTeX2e <2009/09/24>
Babel <v3.8l> and hyphenation patterns for loaded.
! Undefined control sequence.
l.14 \phantomsection
                    
? 
! Emergency stop.
l.14 \phantomsection
                    
End of file on the terminal!

 
Here is how much of TeX's memory you used:
 7 strings out of 495362
 250 string characters out of 3184024
 44825 words of memory out of 3000000
 3272 multiletter control sequences out of 15000+200000
 3640 words of font info for 14 fonts, out of 3000000 for 9000
 14 hyphenation exceptions out of 8191
 5i,0n,1p,129b,8s stack positions out of 5000i,500n,10000p,200000b,50000s
!  ==> Fatal error occurred, no output PDF file produced!
