This is pdfTeX, Version 3.1415926-1.40.11 (MiKTeX 2.9) (preloaded format=pdflatex 2014.3.18)  3 APR 2014 17:17
entering extended mode
**D:/2014±œ“µ/MasterPaper_xd/abstract1.tex
(D:/2014±œ“µ/MasterPaper_xd/abstract1.tex
LaTeX2e <2009/09/24>
Babel <v3.8l> and hyphenation patterns for loaded.
! Undefined control sequence.
l.13 \phantomsection
                    
? 
! Emergency stop.
l.13 \phantomsection
                    
End of file on the terminal!

 
Here is how much of TeX's memory you used:
 7 strings out of 495362
 178 string characters out of 3184023
 44825 words of memory out of 3000000
 3272 multiletter control sequences out of 15000+200000
 3640 words of font info for 14 fonts, out of 3000000 for 9000
 14 hyphenation exceptions out of 8191
 5i,0n,3p,91b,8s stack positions out of 5000i,500n,10000p,200000b,50000s
!  ==> Fatal error occurred, no output PDF file produced!
