This is pdfTeX, Version 3.1415926-1.40.11 (MiKTeX 2.9) (preloaded format=pdflatex 2012.10.21)  4 MAR 2013 15:29
entering extended mode
**F:/4research/circu/thesis/MasterPaper/chap7.tex
(F:/4research/circu/thesis/MasterPaper/chap7.tex
LaTeX2e <2009/09/24>
Babel <v3.8l> and hyphenation patterns for loaded.
! Undefined control sequence.
l.2 \chapter
            {回答集逻辑程序及应用}
? 
! Emergency stop.
l.2 \chapter
            {回答集逻辑程序及应用}
End of file on the terminal!

 
Here is how much of TeX's memory you used:
 7 strings out of 495362
 191 string characters out of 3184022
 44825 words of memory out of 3000000
 3272 multiletter control sequences out of 15000+200000
 3640 words of font info for 14 fonts, out of 3000000 for 9000
 14 hyphenation exceptions out of 8191
 5i,0n,1p,81b,8s stack positions out of 5000i,500n,10000p,200000b,50000s
!  ==> Fatal error occurred, no output PDF file produced!
