\BOOKMARK [0][-]{section*.1}{\376\377\144\130\000\040\211\201}{}% 1
\BOOKMARK [0][-]{section*.2}{\376\377\000\101\000\142\000\163\000\164\000\162\000\141\000\143\000\164}{}% 2
\BOOKMARK [0][-]{chapter.1}{\376\377\173\054\000\061\172\340\000\040\137\025\212\000}{}% 3
\BOOKMARK [1][-]{section.1.1}{\376\377\147\054\145\207\166\204\141\017\116\111}{chapter.1}% 4
\BOOKMARK [1][-]{section.1.2}{\376\377\170\024\172\166\163\260\162\266}{chapter.1}% 5
\BOOKMARK [1][-]{section.1.3}{\376\377\147\054\145\207\166\204\135\345\117\134}{chapter.1}% 6
\BOOKMARK [1][-]{section.1.4}{\376\377\213\272\145\207\176\323\147\204\173\200\116\313}{chapter.1}% 7
\BOOKMARK [0][-]{chapter.2}{\376\377\173\054\000\062\172\340\000\040\230\204\131\007\167\345\213\306}{}% 8
\BOOKMARK [1][-]{section.2.1}{\376\377\167\345\213\306\136\223\152\041\127\213\170\024\172\166}{chapter.2}% 9
\BOOKMARK [1][-]{section.2.2}{\376\377\147\054\117\123\166\204\170\024\172\166}{chapter.2}% 10
\BOOKMARK [1][-]{section.2.3}{\376\377\143\250\164\006\147\072\116\016\121\263\145\255\226\306\166\204\213\241\173\227}{chapter.2}% 11
\BOOKMARK [1][-]{section.2.4}{\376\377\147\054\117\123\156\257\126\340\213\312\145\255\166\204\170\024\172\166}{chapter.2}% 12
\BOOKMARK [0][-]{chapter.3}{\376\377\173\054\000\063\172\340\000\040\127\372\116\216\121\263\145\255\226\306\152\041\147\177\217\333\210\114\156\257\126\340\213\312\145\255}{}% 13
\BOOKMARK [1][-]{section.3.1}{\376\377\167\345\213\306\136\223\213\312\145\255\225\356\230\230}{chapter.3}% 14
\BOOKMARK [1][-]{section.3.2}{\376\377\147\054\117\123\166\204\213\312\145\255\116\016\211\343\221\312}{chapter.3}% 15
\BOOKMARK [1][-]{section.3.3}{\376\377\121\263\145\255\226\306\152\041\162\110\166\204\165\037\142\020\116\016\232\214\213\301}{chapter.3}% 16
\BOOKMARK [1][-]{section.3.4}{\376\377\127\372\116\216\121\263\145\255\226\306\152\041\162\110\166\204\211\343\221\312}{chapter.3}% 17
\BOOKMARK [1][-]{section.3.5}{\376\377\127\372\116\216\121\263\145\255\226\306\152\041\162\110\166\204\213\312\145\255}{chapter.3}% 18
\BOOKMARK [1][-]{section.3.6}{\376\377\147\054\172\340\134\017\176\323}{chapter.3}% 19
\BOOKMARK [0][-]{chapter.4}{\376\377\173\054\000\064\172\340\000\040\211\343\221\312\226\306\165\037\142\020\116\016\167\345\213\306\136\223\213\312\145\255}{}% 20
\BOOKMARK [1][-]{section.4.1}{\376\377\121\263\145\255\226\306\213\241\173\227}{chapter.4}% 21
\BOOKMARK [1][-]{section.4.2}{\376\377\131\032\211\302\133\337\120\074\166\204\147\000\134\017\211\343\221\312\226\306\165\037\142\020}{chapter.4}% 22
\BOOKMARK [1][-]{section.4.3}{\376\377\127\372\116\216\211\343\221\312\226\306\166\204\167\345\213\306\136\223\152\041\127\213\146\364\145\260\170\024\172\166}{chapter.4}% 23
\BOOKMARK [0][-]{chapter.5}{\376\377\173\054\000\065\172\340\000\040\133\236\232\214\116\016\122\006\147\220}{}% 24
\BOOKMARK [1][-]{section.5.1}{\376\377\133\236\232\214\135\345\121\167\116\016\163\257\130\203}{chapter.5}% 25
\BOOKMARK [1][-]{section.5.2}{\376\377\172\013\136\217\150\106\147\266}{chapter.5}% 26
\BOOKMARK [1][-]{section.5.3}{\376\377\211\343\221\312\127\372\145\160\133\371\165\037\142\020\211\343\221\312\166\204\145\110\163\207\116\345\123\312\145\160\221\317\133\371\153\324\133\236\232\214}{chapter.5}% 27
\BOOKMARK [1][-]{section.5.4}{\376\377\121\263\145\255\226\306\152\041\147\177\211\343\221\312\117\356\131\015\167\345\213\306\136\223\152\041\127\213\133\371\153\324\133\236\232\214}{chapter.5}% 28
\BOOKMARK [0][-]{chapter.6}{\376\377\173\054\000\066\172\340\000\040\140\073\176\323\116\016\134\125\147\033}{}% 29
\BOOKMARK [1][-]{section.6.1}{\376\377\135\345\117\134\140\073\176\323}{chapter.6}% 30
\BOOKMARK [1][-]{section.6.2}{\376\377\124\016\176\355\135\345\117\134\116\345\123\312\134\125\147\033}{chapter.6}% 31
\BOOKMARK [0][-]{section*.5}{\376\377\123\302\200\003\145\207\163\056}{}% 32
\BOOKMARK [0][-]{chapter*.7}{\376\377\127\050\133\146\147\037\225\364\213\272\145\207\123\321\210\150\140\305\121\265}{}% 33
